<?xml version="1.0" encoding="UTF-8"?>
<!-- Generated by org.testng.reporters.JUnitReportReporter -->
<testsuite hostname="DESKTOP-KS3OAII" failures="0" tests="1" name="mytest.TableDataTest" time="8.323" errors="0" timestamp="2023-09-28T07:42:54 PDT" skipped="0">
  <testcase classname="mytest.TableDataTest" name="f" time="8.323"/>
  <system-out/>
</testsuite> <!-- mytest.TableDataTest -->
