<?xml version="1.0" encoding="UTF-8"?>
<!-- Generated by org.testng.reporters.JUnitReportReporter -->
<testsuite hostname="DESKTOP-KS3OAII" failures="0" tests="1" name="mytest.FormTest" time="6.947" errors="0" timestamp="2023-09-21T08:25:06 PDT" skipped="0">
  <testcase classname="mytest.FormTest" name="f" time="6.947"/>
  <system-out/>
</testsuite> <!-- mytest.FormTest -->
