<?xml version="1.0" encoding="UTF-8"?>
<!-- Generated by org.testng.reporters.JUnitReportReporter -->
<testsuite hostname="DESKTOP-KS3OAII" failures="0" tests="1" name="mytest.MyNewTest" time="0.032" errors="0" timestamp="2023-09-06T08:32:18 PDT" skipped="0">
  <testcase classname="mytest.MyNewTest" name="f" time="0.032"/>
  <system-out/>
</testsuite> <!-- mytest.MyNewTest -->
