<?xml version="1.0" encoding="UTF-8"?>
<!-- Generated by org.testng.reporters.JUnitReportReporter -->
<testsuite hostname="DESKTOP-KS3OAII" failures="0" tests="1" name="mytest.ProjectDemoTest" time="4.959" errors="0" timestamp="2023-10-02T07:55:30 PDT" skipped="0">
  <testcase classname="mytest.ProjectDemoTest" name="f" time="4.959"/>
  <system-out/>
</testsuite> <!-- mytest.ProjectDemoTest -->
