<?xml version="1.0" encoding="UTF-8"?>
<!-- Generated by org.testng.reporters.JUnitReportReporter -->
<testsuite hostname="DESKTOP-KS3OAII" failures="0" tests="1" name="mytest.RegistrationFormTest" time="3.396" errors="0" timestamp="2023-10-02T08:21:10 PDT" skipped="0">
  <testcase classname="mytest.RegistrationFormTest" name="f" time="3.396"/>
  <system-out/>
</testsuite> <!-- mytest.RegistrationFormTest -->
