<?xml version="1.0" encoding="UTF-8"?>
<!-- Generated by org.testng.reporters.JUnitReportReporter -->
<testsuite hostname="DESKTOP-KS3OAII" failures="0" tests="3" name="mytest.Hard3Test" time="0.070" errors="0" timestamp="2023-09-09T22:47:20 PDT" skipped="0">
  <testcase classname="mytest.Hard3Test" name="b" time="0.049"/>
  <system-out/>
  <testcase classname="mytest.Hard3Test" name="a" time="0.010"/>
  <system-out/>
  <testcase classname="mytest.Hard3Test" name="c" time="0.011"/>
  <system-out/>
</testsuite> <!-- mytest.Hard3Test -->
