<?xml version="1.0" encoding="UTF-8"?>
<!-- Generated by org.testng.reporters.JUnitReportReporter -->
<testsuite hostname="DESKTOP-KS3OAII" failures="0" tests="2" name="mytest.FirstTest" time="0.059" errors="0" timestamp="2023-09-15T08:52:37 PDT" skipped="0">
  <testcase classname="mytest.FirstTest" name="login" time="0.046"/>
  <system-out/>
  <testcase classname="mytest.FirstTest" name="add" time="0.013"/>
  <system-out/>
</testsuite> <!-- mytest.FirstTest -->
