<?xml version="1.0" encoding="UTF-8"?>
<!-- Generated by org.testng.reporters.JUnitReportReporter -->
<testsuite hostname="DESKTOP-KS3OAII" failures="0" tests="1" name="mytest.TableTest" time="0.783" errors="0" timestamp="2023-09-25T23:56:37 PDT" skipped="0">
  <testcase classname="mytest.TableTest" name="f" time="0.783"/>
  <system-out/>
</testsuite> <!-- mytest.TableTest -->
