<?xml version="1.0" encoding="UTF-8"?>
<!-- Generated by org.testng.reporters.JUnitReportReporter -->
<testsuite hostname="DESKTOP-KS3OAII" failures="0" tests="2" name="mytest.AnnotationTest" time="0.050" errors="0" timestamp="2023-09-10T08:56:14 PDT" skipped="0">
  <testcase classname="mytest.AnnotationTest" name="f" time="0.043"/>
  <system-out/>
  <testcase classname="mytest.AnnotationTest" name="h" time="0.007"/>
  <system-out/>
</testsuite> <!-- mytest.AnnotationTest -->
