<?xml version="1.0" encoding="UTF-8"?>
<!-- Generated by org.testng.reporters.JUnitReportReporter -->
<testsuite hostname="DESKTOP-KS3OAII" failures="0" tests="1" name="mytest.FlightTest" time="7.087" errors="0" timestamp="2023-09-10T08:58:13 PDT" skipped="0">
  <testcase classname="mytest.FlightTest" name="f" time="7.087"/>
  <system-out/>
</testsuite> <!-- mytest.FlightTest -->
