<?xml version="1.0" encoding="UTF-8"?>
<!-- Generated by org.testng.reporters.JUnitReportReporter -->
<testsuite hostname="DESKTOP-KS3OAII" failures="0" tests="1" name="mytest.NewLoginTest" time="4.079" errors="0" timestamp="2023-09-06T08:06:48 PDT" skipped="0">
  <testcase classname="mytest.NewLoginTest" name="f" time="4.079"/>
  <system-out/>
</testsuite> <!-- mytest.NewLoginTest -->
