<?xml version="1.0" encoding="UTF-8"?>
<!-- Generated by org.testng.reporters.JUnitReportReporter -->
<testsuite hostname="DESKTOP-KS3OAII" failures="0" tests="2" name="mytest.MercuryTours3Test" time="17.357" errors="0" timestamp="2023-09-14T10:27:39 PDT" skipped="0">
  <testcase classname="mytest.MercuryTours3Test" name="f" time="11.842"/>
  <system-out/>
  <testcase classname="mytest.MercuryTours3Test" name="f" time="5.515"/>
  <system-out/>
</testsuite> <!-- mytest.MercuryTours3Test -->
