<?xml version="1.0" encoding="UTF-8"?>
<!-- Generated by org.testng.reporters.JUnitReportReporter -->
<testsuite hostname="DESKTOP-KS3OAII" failures="0" tests="1" name="mytest.TourTest" time="10.806" errors="0" timestamp="2023-09-06T22:07:33 PDT" skipped="0">
  <testcase classname="mytest.TourTest" name="f" time="10.806"/>
  <system-out/>
</testsuite> <!-- mytest.TourTest -->
