<?xml version="1.0" encoding="UTF-8"?>
<!-- Generated by org.testng.reporters.JUnitReportReporter -->
<testsuite hostname="DESKTOP-KS3OAII" failures="0" tests="1" name="mytest.Table2Test" time="0.304" errors="0" timestamp="2023-09-25T23:44:37 PDT" skipped="0">
  <testcase classname="mytest.Table2Test" name="f" time="0.304"/>
  <system-out/>
</testsuite> <!-- mytest.Table2Test -->
